12:05:51.822 [main] INFO  dev.console - ***** Pizzeria Administration *****
12:05:51.822 [main] INFO  dev.console - 1. Lister les pizzas
12:05:51.822 [main] INFO  dev.console - 2. Ajouter une pizza
12:05:51.822 [main] INFO  dev.console - 3. Modifier une pizza
12:05:51.822 [main] INFO  dev.console - 4. Supprimer une pizza
12:05:51.822 [main] INFO  dev.console - 99. Quitter
12:05:53.562 [main] INFO  dev.console - PEP -> Pépéroni (12.5€) Viande
12:05:53.569 [main] INFO  dev.console - MAR -> Margherita (14.0€) Sans_Viande
12:05:53.569 [main] INFO  dev.console - REIN -> La Reine (11.5€) Viande
12:05:53.569 [main] INFO  dev.console - FRO -> Les 4 fromages (12.0€) Sans_Viande
12:05:53.569 [main] INFO  dev.console - CAN -> La cannibale (12.5€) Viande
12:05:53.569 [main] INFO  dev.console - SAV -> La savoyarde (13.0€) Viande
12:05:53.570 [main] INFO  dev.console - ORI -> L'Orientale (13.5€) Viande
12:05:53.570 [main] INFO  dev.console - IND -> L'indienne (14.0€) Viande
12:05:53.570 [main] INFO  dev.console - ***** Pizzeria Administration *****
12:05:53.570 [main] INFO  dev.console - 1. Lister les pizzas
12:05:53.570 [main] INFO  dev.console - 2. Ajouter une pizza
12:05:53.570 [main] INFO  dev.console - 3. Modifier une pizza
12:05:53.570 [main] INFO  dev.console - 4. Supprimer une pizza
12:05:53.570 [main] INFO  dev.console - 99. Quitter
